BrilScript ::	Branch-Complex-Example.bril <1 func> @ example/in_class_example_dom

================ BrilFunction ::  main (  ) -> None: <18 instr> ================
---------------------------------- Dom-Front -----------------------------------
ENTRY  : 
n0     : 
n5     : n4, n8
n1     : n4, n8
n7     : n8
n6     : n4
n2     : n4
n4     : n8
n3     : n8
n8     : 
RETURN : 
-------------------------------- Dom & Dom-Tree --------------------------------
ENTRY  <- [ROOT] : ENTRY
n0     <- ENTRY  : ENTRY, n0
n5     <- n0     : ENTRY, n0, n5
n1     <- n0     : ENTRY, n0, n1
n7     <- n5     : ENTRY, n0, n5, n7
n6     <- n5     : ENTRY, n0, n5, n6
n2     <- n1     : ENTRY, n0, n1, n2
n4     <- n0     : ENTRY, n0, n4
n3     <- n1     : ENTRY, n0, n1, n3
n8     <- n0     : ENTRY, n0, n8
RETURN <- n8     : ENTRY, n0, n8, RETURN
------------------------------------ Script ------------------------------------
.ENTRY:
.n0:
  br cond1 .n5 .n1;
.n5:
  br cond2 .n7 .n6;
.n1:
  br cond3 .n2 .n3;
.n7:
  jmp  .n8;
.n6:
  jmp  .n4;
.n2:
  jmp  .n4;
.n4:
  jmp  .n8;
.n3:
  jmp  .n8;
.n8:
  ret ;
.RETURN:

output/in_class_example_dom/Branch-Complex-Example/Branch-Complex-Example.bril.cfg.gv.pdf
output/in_class_example_dom/Branch-Complex-Example/Branch-Complex-Example.bril.domt.gv.pdf
